<?xml version="1.0" encoding="UTF-8"?>
<!-- Generated by org.testng.reporters.JUnitXMLReporter -->
<testsuite hostname="saroj-HP" name="Test" tests="5" failures="2" timestamp="25 Dec 2019 13:42:49 GMT" time="44.4" errors="0">
  <testcase name="loginPageTitleTest" time="0.04" classname="com.qa.tests.LoginPageTest"/>
  <testcase name="loginTest" time="2.658" classname="com.qa.tests.LoginPageTest"/>
  <testcase name="testM" time="0.012" classname="com.qa.tests.LoginPageTest"/>
  <testcase name="verifyLeavePageURLTest" time="1.709" classname="com.qa.tests.LeavePageTest">
    <failure type="java.lang.AssertionError" message="expected [https://opensource-demo.orangehrmlive.com/index.php/leave/viewLeaveList] but found [https://opensource-demo.orangehrmlive.com/index.php/dashboard]">
      <![CDATA[java.lang.AssertionError: expected [https://opensource-demo.orangehrmlive.com/index.php/leave/viewLeaveList] but found [https://opensource-demo.orangehrmlive.com/index.php/dashboard]
	at com.qa.tests.LeavePageTest.verifyLeavePageURLTest(LeavePageTest.java:36)
... Removed 31 stack frames]]>
    </failure>
  </testcase> <!-- verifyLeavePageURLTest -->
  <testcase name="verifyLeaveListTest" time="15.861" classname="com.qa.tests.LeavePageTest">
    <failure type="org.openqa.selenium.NoSuchElementException" message="no such element: Unable to locate element: {&amp;quot;method&amp;quot;:&amp;quot;xpath&amp;quot;,&amp;quot;selector&amp;quot;:&amp;quot;//*[@id=&amp;apos;frmFilterLeave&amp;apos;]/fieldset/ol/li[1]/img&amp;quot;}
  (Session info: chrome=79.0.3945.88)
For documentation on this error, please visit: https://www.seleniumhq.org/exceptions/no_such_element.html
Build info: version: &amp;apos;3.141.59&amp;apos;, revision: &amp;apos;e82be7d358&amp;apos;, time: &amp;apos;2018-11-14T08:17:03&amp;apos;
System info: host: &amp;apos;SAROJ-HP&amp;apos;, ip: &amp;apos;192.168.0.4&amp;apos;, os.name: &amp;apos;Windows 7&amp;apos;, os.arch: &amp;apos;x86&amp;apos;, os.version: &amp;apos;6.1&amp;apos;, java.version: &amp;apos;1.8.0_20&amp;apos;
Driver info: org.openqa.selenium.chrome.ChromeDriver
Capabilities {acceptInsecureCerts: false, browserName: chrome, browserVersion: 79.0.3945.88, chrome: {chromedriverVersion: 79.0.3945.36 (3582db32b3389..., userDataDir: C:\Users\saroj\AppData\Loca...}, goog:chromeOptions: {debuggerAddress: localhost:53867}, javascriptEnabled: true, networkConnectionEnabled: false, pageLoadStrategy: normal, platform: WINDOWS, platformName: WINDOWS, proxy: Proxy(), setWindowRect: true, strictFileInteractability: false, timeouts: {implicit: 0, pageLoad: 300000, script: 30000}, unhandledPromptBehavior: dismiss and notify}
Session ID: 4acd61d83e6b8f298bcd8dcd1cfefd47
*** Element info: {Using=xpath, value=//*[@id=&amp;apos;frmFilterLeave&amp;apos;]/fieldset/ol/li[1]/img}">
      <![CDATA[org.openqa.selenium.NoSuchElementException: no such element: Unable to locate element: {"method":"xpath","selector":"//*[@id='frmFilterLeave']/fieldset/ol/li[1]/img"}
  (Session info: chrome=79.0.3945.88)
For documentation on this error, please visit: https://www.seleniumhq.org/exceptions/no_such_element.html
Build info: version: '3.141.59', revision: 'e82be7d358', time: '2018-11-14T08:17:03'
System info: host: 'SAROJ-HP', ip: '192.168.0.4', os.name: 'Windows 7', os.arch: 'x86', os.version: '6.1', java.version: '1.8.0_20'
Driver info: org.openqa.selenium.chrome.ChromeDriver
Capabilities {acceptInsecureCerts: false, browserName: chrome, browserVersion: 79.0.3945.88, chrome: {chromedriverVersion: 79.0.3945.36 (3582db32b3389..., userDataDir: C:\Users\saroj\AppData\Loca...}, goog:chromeOptions: {debuggerAddress: localhost:53867}, javascriptEnabled: true, networkConnectionEnabled: false, pageLoadStrategy: normal, platform: WINDOWS, platformName: WINDOWS, proxy: Proxy(), setWindowRect: true, strictFileInteractability: false, timeouts: {implicit: 0, pageLoad: 300000, script: 30000}, unhandledPromptBehavior: dismiss and notify}
Session ID: 4acd61d83e6b8f298bcd8dcd1cfefd47
*** Element info: {Using=xpath, value=//*[@id='frmFilterLeave']/fieldset/ol/li[1]/img}
	at org.openqa.selenium.remote.http.W3CHttpResponseCodec.createException(W3CHttpResponseCodec.java:187)
	at org.openqa.selenium.remote.http.W3CHttpResponseCodec.decode(W3CHttpResponseCodec.java:122)
	at org.openqa.selenium.remote.http.W3CHttpResponseCodec.decode(W3CHttpResponseCodec.java:49)
	at org.openqa.selenium.remote.HttpCommandExecutor.execute(HttpCommandExecutor.java:158)
	at org.openqa.selenium.remote.service.DriverCommandExecutor.execute(DriverCommandExecutor.java:83)
	at org.openqa.selenium.remote.RemoteWebDriver.execute(RemoteWebDriver.java:552)
	at org.openqa.selenium.remote.RemoteWebDriver.findElement(RemoteWebDriver.java:323)
	at org.openqa.selenium.remote.RemoteWebDriver.findElementByXPath(RemoteWebDriver.java:428)
	at org.openqa.selenium.By$ByXPath.findElement(By.java:353)
	at org.openqa.selenium.remote.RemoteWebDriver.findElement(RemoteWebDriver.java:315)
	at org.openqa.selenium.support.events.EventFiringWebDriver.lambda$new$1(EventFiringWebDriver.java:105)
	at org.openqa.selenium.support.events.EventFiringWebDriver$$Lambda$206/17407443.invoke(Unknown Source)
	at com.sun.proxy.$Proxy7.findElement(Unknown Source)
	at org.openqa.selenium.support.events.EventFiringWebDriver.findElement(EventFiringWebDriver.java:194)
	at org.openqa.selenium.support.pagefactory.DefaultElementLocator.findElement(DefaultElementLocator.java:69)
	at org.openqa.selenium.support.pagefactory.internal.LocatingElementHandler.invoke(LocatingElementHandler.java:38)
	at com.sun.proxy.$Proxy11.click(Unknown Source)
	at com.qa.pages.LeavePage.searchLeaveListByDate(LeavePage.java:31)
	at com.qa.tests.LeavePageTest.verifyLeaveListTest(LeavePageTest.java:41)
... Removed 33 stack frames]]>
    </failure>
  </testcase> <!-- verifyLeaveListTest -->
</testsuite> <!-- Test -->
