<?xml version="1.0" encoding="UTF-8"?>
<testng-results skipped="0" failed="0" total="3" passed="3">
  <reporter-output>
  </reporter-output>
  <suite name="Default suite" duration-ms="17592" started-at="2019-12-29T15:13:41Z" finished-at="2019-12-29T15:13:59Z">
    <groups>
    </groups>
    <test name="Default test" duration-ms="17592" started-at="2019-12-29T15:13:41Z" finished-at="2019-12-29T15:13:59Z">
      <class name="com.qa.tests.LeavePageTest">
        <test-method status="PASS" signature="setUp()[pri:0, instance:com.qa.tests.LeavePageTest@653222]" name="setUp" is-config="true" duration-ms="13419" started-at="2019-12-29T20:43:41Z" finished-at="2019-12-29T20:43:54Z">
          <reporter-output>
          </reporter-output>
        </test-method> <!-- setUp -->
        <test-method status="PASS" signature="clickLeaveTabTest()[pri:1, instance:com.qa.tests.LeavePageTest@653222]" name="clickLeaveTabTest" duration-ms="3344" started-at="2019-12-29T20:43:55Z" finished-at="2019-12-29T20:43:58Z">
          <reporter-output>
          </reporter-output>
        </test-method> <!-- clickLeaveTabTest -->
        <test-method status="PASS" signature="verifyLeavePageURLTest()[pri:2, instance:com.qa.tests.LeavePageTest@653222]" name="verifyLeavePageURLTest" duration-ms="44" started-at="2019-12-29T20:43:58Z" finished-at="2019-12-29T20:43:58Z">
          <reporter-output>
          </reporter-output>
        </test-method> <!-- verifyLeavePageURLTest -->
        <test-method status="PASS" signature="verifyLeaveListTest()[pri:3, instance:com.qa.tests.LeavePageTest@653222]" name="verifyLeaveListTest" duration-ms="702" started-at="2019-12-29T20:43:58Z" finished-at="2019-12-29T20:43:59Z">
          <reporter-output>
          </reporter-output>
        </test-method> <!-- verifyLeaveListTest -->
        <test-method status="PASS" signature="def()[pri:0, instance:com.qa.tests.LeavePageTest@653222]" name="def" is-config="true" duration-ms="0" started-at="2019-12-29T20:43:59Z" finished-at="2019-12-29T20:43:59Z">
          <reporter-output>
          </reporter-output>
        </test-method> <!-- def -->
      </class> <!-- com.qa.tests.LeavePageTest -->
    </test> <!-- Default test -->
  </suite> <!-- Default suite -->
</testng-results>
